<?xml version="1.0" encoding="utf-8" standalone="no"?>
<test-run id="2" testcasecount="1" result="Passed" total="1" passed="1" failed="0" inconclusive="0" skipped="0" asserts="1" engine-version="3.4.1.0" clr-version="4.0.30319.42000" start-time="2016-09-09 12:22:00Z" end-time="2016-09-09 12:22:00Z" duration="0.112469">
  <command-line><![CDATA["C:\dev\condep.git\condep-dsl-operations-azure\src\packages\NUnit.ConsoleRunner.3.4.1\tools\nunit3-console.exe" C:\dev\condep.git\condep-dsl-operations-azure\build\output\condep-dsl-operations-azure\ConDep.Dsl.Operations.Azure.Tests\ConDep.Dsl.Operations.Azure.Tests.dll --output=C:\dev\condep.git\condep-dsl-operations-azure\build\output\condep-dsl-operations-azure\TestResult.xml]]></command-line>
  <test-suite type="Assembly" id="0-1002" name="ConDep.Dsl.Operations.Azure.Tests.dll" fullname="C:\dev\condep.git\condep-dsl-operations-azure\build\output\condep-dsl-operations-azure\ConDep.Dsl.Operations.Azure.Tests\ConDep.Dsl.Operations.Azure.Tests.dll" runstate="Runnable" testcasecount="1" result="Passed" start-time="2016-09-09 12:22:00Z" end-time="2016-09-09 12:22:00Z" duration="0.060250" total="1" passed="1" failed="0" inconclusive="0" skipped="0" asserts="1">
    <environment framework-version="3.4.1.0" clr-version="4.0.30319.42000" os-version="Microsoft Windows NT 10.0.10240.0" platform="Win32NT" cwd="C:\dev\condep.git\condep-dsl-operations-azure\build" machine-name="104170LT6011-VM" user="104171kjbr" user-domain="Z63" culture="nb-NO" uiculture="en-GB" os-architecture="x64" />
    <settings>
      <setting name="WorkDirectory" value="C:\dev\condep.git\condep-dsl-operations-azure\build" />
      <setting name="ImageRuntimeVersion" value="4.0.30319" />
      <setting name="ImageTargetFrameworkName" value=".NETFramework,Version=v4.5.2" />
      <setting name="ImageRequiresX86" value="False" />
      <setting name="ImageRequiresDefaultAppDomainAssemblyResolver" value="False" />
      <setting name="NumberOfTestWorkers" value="4" />
    </settings>
    <properties>
      <property name="_PID" value="13952" />
      <property name="_APPDOMAIN" value="test-domain-" />
    </properties>
    <test-suite type="TestSuite" id="0-1003" name="ConDep" fullname="ConDep" runstate="Runnable" testcasecount="1" result="Passed" start-time="2016-09-09 12:22:00Z" end-time="2016-09-09 12:22:00Z" duration="0.039043" total="1" passed="1" failed="0" inconclusive="0" skipped="0" asserts="1">
      <test-suite type="TestSuite" id="0-1004" name="Dsl" fullname="ConDep.Dsl" runstate="Runnable" testcasecount="1" result="Passed" start-time="2016-09-09 12:22:00Z" end-time="2016-09-09 12:22:00Z" duration="0.035046" total="1" passed="1" failed="0" inconclusive="0" skipped="0" asserts="1">
        <test-suite type="TestSuite" id="0-1005" name="Operations" fullname="ConDep.Dsl.Operations" runstate="Runnable" testcasecount="1" result="Passed" start-time="2016-09-09 12:22:00Z" end-time="2016-09-09 12:22:00Z" duration="0.031120" total="1" passed="1" failed="0" inconclusive="0" skipped="0" asserts="1">
          <test-suite type="TestSuite" id="0-1006" name="Azure" fullname="ConDep.Dsl.Operations.Azure" runstate="Runnable" testcasecount="1" result="Passed" start-time="2016-09-09 12:22:00Z" end-time="2016-09-09 12:22:00Z" duration="0.027053" total="1" passed="1" failed="0" inconclusive="0" skipped="0" asserts="1">
            <test-suite type="TestSuite" id="0-1007" name="Tests" fullname="ConDep.Dsl.Operations.Azure.Tests" runstate="Runnable" testcasecount="1" result="Passed" start-time="2016-09-09 12:22:00Z" end-time="2016-09-09 12:22:00Z" duration="0.023449" total="1" passed="1" failed="0" inconclusive="0" skipped="0" asserts="1">
              <test-suite type="TestFixture" id="0-1000" name="ResourceGroupTests" fullname="ConDep.Dsl.Operations.Azure.Tests.ResourceGroupTests" classname="ConDep.Dsl.Operations.Azure.Tests.ResourceGroupTests" runstate="Runnable" testcasecount="1" result="Passed" start-time="2016-09-09 12:22:00Z" end-time="2016-09-09 12:22:00Z" duration="0.017812" total="1" passed="1" failed="0" inconclusive="0" skipped="0" asserts="1">
                <test-case id="0-1001" name="build_runs_test" fullname="ConDep.Dsl.Operations.Azure.Tests.ResourceGroupTests.build_runs_test" methodname="build_runs_test" classname="ConDep.Dsl.Operations.Azure.Tests.ResourceGroupTests" runstate="Runnable" seed="1427483577" result="Passed" start-time="2016-09-09 12:22:00Z" end-time="2016-09-09 12:22:00Z" duration="0.006417" asserts="1" />
              </test-suite>
            </test-suite>
          </test-suite>
        </test-suite>
      </test-suite>
    </test-suite>
  </test-suite>
</test-run>